2023-05-23 15:05:30 INFO  LoginPage :38 - Click on login button : [[ChromeDriver: chrome on WINDOWS (a6fb52713483e835292de4ed8ea7b7b0)] -> xpath: //button[@type='submit']]
2023-05-23 15:05:223 INFO  HomePage :29 - Click on overnight duffle : [[ChromeDriver: chrome on WINDOWS (a6fb52713483e835292de4ed8ea7b7b0)] -> xpath: //span[normalize-space()='Admin']]
2023-05-23 16:05:351 INFO  LoginPage :38 - Click on login button : [[ChromeDriver: chrome on WINDOWS (b5da362b69d39923672e213683396619)] -> xpath: //button[@type='submit']]
2023-05-23 16:05:883 INFO  HomePage :29 - Click on overnight duffle : [[ChromeDriver: chrome on WINDOWS (b5da362b69d39923672e213683396619)] -> xpath: //span[normalize-space()='Admin']]
2023-05-23 16:05:200 INFO  ViewSystemUsersPage :51 - Click on overnight duffle : [[ChromeDriver: chrome on WINDOWS (b5da362b69d39923672e213683396619)] -> css selector: .oxd-text.oxd-text--h5]
2023-05-23 16:05:871 INFO  LoginPage :38 - Click on login button : [[ChromeDriver: chrome on WINDOWS (d000f7ee5fe8893ed3f64e3e6d7a6c6c)] -> xpath: //button[@type='submit']]
2023-05-23 16:05:972 INFO  HomePage :29 - Click on overnight duffle : [[ChromeDriver: chrome on WINDOWS (d000f7ee5fe8893ed3f64e3e6d7a6c6c)] -> xpath: //span[normalize-space()='Admin']]
2023-05-23 16:05:715 INFO  ViewSystemUsersPage :51 - Click on overnight duffle : [[ChromeDriver: chrome on WINDOWS (d000f7ee5fe8893ed3f64e3e6d7a6c6c)] -> css selector: .oxd-text.oxd-text--h5]
2023-05-23 16:05:421 INFO  ViewSystemUsersPage :74 - Select status By.cssSelector: button[class='oxd-button oxd-button--medium oxd-button--secondary']
2023-05-23 16:05:715 INFO  AddUserPage :55 - Verify add user text : [[ChromeDriver: chrome on WINDOWS (d000f7ee5fe8893ed3f64e3e6d7a6c6c)] -> xpath: //h6[normalize-space()='Add User']]
2023-05-23 19:05:147 INFO  LoginPage :38 - Click on login button : [[ChromeDriver: chrome on WINDOWS (f8b892d8ae1b12a6adf64d4dcf403bb2)] -> xpath: //button[@type='submit']]
2023-05-23 19:05:760 INFO  HomePage :29 - Click on overnight duffle : [[ChromeDriver: chrome on WINDOWS (f8b892d8ae1b12a6adf64d4dcf403bb2)] -> xpath: //span[normalize-space()='Admin']]
2023-05-23 19:05:747 INFO  ViewSystemUsersPage :51 - Click on overnight duffle : [[ChromeDriver: chrome on WINDOWS (f8b892d8ae1b12a6adf64d4dcf403bb2)] -> css selector: .oxd-text.oxd-text--h5]
2023-05-23 19:05:365 INFO  ViewSystemUsersPage :74 - Select status By.cssSelector: button[class='oxd-button oxd-button--medium oxd-button--secondary']
2023-05-23 19:05:687 INFO  AddUserPage :55 - Verify add user text : [[ChromeDriver: chrome on WINDOWS (f8b892d8ae1b12a6adf64d4dcf403bb2)] -> xpath: //h6[normalize-space()='Add User']]
2023-05-23 20:05:874 INFO  LoginPage :38 - Click on login button : [[ChromeDriver: chrome on WINDOWS (31be83bbf7fc72aa53c2c824b45b7416)] -> xpath: //button[@type='submit']]
2023-05-23 20:05:315 INFO  HomePage :29 - Click on overnight duffle : [[ChromeDriver: chrome on WINDOWS (31be83bbf7fc72aa53c2c824b45b7416)] -> xpath: //span[normalize-space()='Admin']]
2023-05-23 20:05:247 INFO  ViewSystemUsersPage :51 - Click on overnight duffle : [[ChromeDriver: chrome on WINDOWS (31be83bbf7fc72aa53c2c824b45b7416)] -> css selector: .oxd-text.oxd-text--h5]
2023-05-23 20:05:558 INFO  ViewSystemUsersPage :74 - Select status By.cssSelector: button[class='oxd-button oxd-button--medium oxd-button--secondary']
2023-05-23 20:05:920 INFO  AddUserPage :55 - Verify add user text : [[ChromeDriver: chrome on WINDOWS (31be83bbf7fc72aa53c2c824b45b7416)] -> xpath: //h6[normalize-space()='Add User']]
2023-05-23 22:05:335 INFO  LoginPage :38 - Click on login button : [[ChromeDriver: chrome on WINDOWS (9c28f95ff566ec0e02260d0c66dd031f)] -> xpath: //button[@type='submit']]
2023-05-23 22:05:416 INFO  HomePage :29 - Click on overnight duffle : [[ChromeDriver: chrome on WINDOWS (9c28f95ff566ec0e02260d0c66dd031f)] -> xpath: //span[normalize-space()='Admin']]
2023-05-23 22:05:66 INFO  ViewSystemUsersPage :52 - Click on overnight duffle : [[ChromeDriver: chrome on WINDOWS (9c28f95ff566ec0e02260d0c66dd031f)] -> css selector: .oxd-text.oxd-text--h5]
2023-05-23 22:05:243 INFO  ViewSystemUsersPage :57 - Send text to element [[ChromeDriver: chrome on WINDOWS (9c28f95ff566ec0e02260d0c66dd031f)] -> xpath: //div[@class='oxd-input-group oxd-input-field-bottom-space']//div//input[@class='oxd-input oxd-input--active']]
2023-05-23 22:05:450 INFO  ViewSystemUsersPage :62 - Select user role [[ChromeDriver: chrome on WINDOWS (9c28f95ff566ec0e02260d0c66dd031f)] -> xpath: //body[1]/div[1]/div[1]/div[2]/div[2]/div[1]/div[1]/div[2]/form[1]/div[1]/div[1]/div[2]/div[1]/div[2]/div[1]/div[1]/div[1]]
2023-05-23 22:05:545 INFO  ViewSystemUsersPage :67 - Select status [[ChromeDriver: chrome on WINDOWS (9c28f95ff566ec0e02260d0c66dd031f)] -> xpath: //div[contains(text(),'-- Select --')]]
2023-05-23 22:05:619 INFO  ViewSystemUsersPage :71 - Select status [[ChromeDriver: chrome on WINDOWS (9c28f95ff566ec0e02260d0c66dd031f)] -> xpath: //button[@type='submit']]
2023-05-23 22:05:667 INFO  ViewSystemUsersPage :86 - Select status [[ChromeDriver: chrome on WINDOWS (9c28f95ff566ec0e02260d0c66dd031f)] -> xpath: (//div[contains(text(),'Admin')])[1]]
2023-05-23 22:05:291 INFO  LoginPage :38 - Click on login button : [[ChromeDriver: chrome on WINDOWS (be55a45304ba9353cac20cec1c7c3d8a)] -> xpath: //button[@type='submit']]
2023-05-23 22:05:301 INFO  HomePage :29 - Click on overnight duffle : [[ChromeDriver: chrome on WINDOWS (be55a45304ba9353cac20cec1c7c3d8a)] -> xpath: //span[normalize-space()='Admin']]
2023-05-23 22:05:741 INFO  ViewSystemUsersPage :52 - Click on overnight duffle : [[ChromeDriver: chrome on WINDOWS (be55a45304ba9353cac20cec1c7c3d8a)] -> css selector: .oxd-text.oxd-text--h5]
2023-05-23 22:05:992 INFO  ViewSystemUsersPage :57 - Send text to element [[ChromeDriver: chrome on WINDOWS (be55a45304ba9353cac20cec1c7c3d8a)] -> xpath: //div[@class='oxd-input-group oxd-input-field-bottom-space']//div//input[@class='oxd-input oxd-input--active']]
2023-05-23 22:05:121 INFO  ViewSystemUsersPage :62 - Select user role [[ChromeDriver: chrome on WINDOWS (be55a45304ba9353cac20cec1c7c3d8a)] -> xpath: //body[1]/div[1]/div[1]/div[2]/div[2]/div[1]/div[1]/div[2]/form[1]/div[1]/div[1]/div[2]/div[1]/div[2]/div[1]/div[1]/div[1]]
2023-05-23 22:05:225 INFO  ViewSystemUsersPage :67 - Select status [[ChromeDriver: chrome on WINDOWS (be55a45304ba9353cac20cec1c7c3d8a)] -> xpath: //div[contains(text(),'-- Select --')]]
2023-05-23 22:05:324 INFO  ViewSystemUsersPage :71 - Select status [[ChromeDriver: chrome on WINDOWS (be55a45304ba9353cac20cec1c7c3d8a)] -> xpath: //button[@type='submit']]
2023-05-23 22:05:239 INFO  ViewSystemUsersPage :78 - Select status Proxy element for: DefaultElementLocator 'By.xpath: //span[normalize-space()='No Records Found']'
2023-05-23 22:05:579 INFO  LoginPage :38 - Click on login button : [[ChromeDriver: chrome on WINDOWS (9cdc5ed028bf78fc738e85e3effa185a)] -> xpath: //button[@type='submit']]
2023-05-23 22:05:793 INFO  DashboardPage :33 - Verify Dashboard message : [[ChromeDriver: chrome on WINDOWS (9cdc5ed028bf78fc738e85e3effa185a)] -> xpath: //h6[normalize-space()='Dashboard']]
2023-05-23 22:05:606 INFO  LoginPage :38 - Click on login button : [[ChromeDriver: chrome on WINDOWS (5fd514d4128e61a0618f7e6f2e08b3c2)] -> xpath: //button[@type='submit']]
2023-05-23 22:05:840 INFO  DashboardPage :29 - Verify add user text : [[ChromeDriver: chrome on WINDOWS (5fd514d4128e61a0618f7e6f2e08b3c2)] -> xpath: //p[@class='oxd-userdropdown-name']]
2023-05-23 22:05:723 INFO  DashboardPage :38 - Verify add user text : [[ChromeDriver: chrome on WINDOWS (5fd514d4128e61a0618f7e6f2e08b3c2)] -> xpath: //a[normalize-space()='Logout']]
2023-05-23 22:05:940 INFO  LoginPage :41 - Login panel text : [[ChromeDriver: chrome on WINDOWS (5fd514d4128e61a0618f7e6f2e08b3c2)] -> xpath: //h5[normalize-space()='Login']]
2023-05-23 22:05:55 INFO  LoginPage :38 - Click on login button : [[ChromeDriver: chrome on WINDOWS (1d3ff05a500f3592414af325dcba8af8)] -> xpath: //button[@type='submit']]
2023-05-23 22:05:70 INFO  DashboardPage :33 - Verify Dashboard message : [[ChromeDriver: chrome on WINDOWS (1d3ff05a500f3592414af325dcba8af8)] -> xpath: //h6[normalize-space()='Dashboard']]
2023-05-23 22:05:463 INFO  LoginPage :38 - Click on login button : [[ChromeDriver: chrome on WINDOWS (8b57af51eb779ae483ecc1cdf4dc8045)] -> xpath: //button[@type='submit']]
2023-05-23 22:05:902 INFO  DashboardPage :29 - Verify add user text : [[ChromeDriver: chrome on WINDOWS (8b57af51eb779ae483ecc1cdf4dc8045)] -> xpath: //p[@class='oxd-userdropdown-name']]
2023-05-23 22:05:517 INFO  DashboardPage :38 - Verify add user text : [[ChromeDriver: chrome on WINDOWS (8b57af51eb779ae483ecc1cdf4dc8045)] -> xpath: //a[normalize-space()='Logout']]
2023-05-23 22:05:701 INFO  LoginPage :41 - Login panel text : [[ChromeDriver: chrome on WINDOWS (8b57af51eb779ae483ecc1cdf4dc8045)] -> xpath: //h5[normalize-space()='Login']]
2023-05-23 22:05:35 INFO  LoginPage :38 - Click on login button : [[ChromeDriver: chrome on WINDOWS (49305c45040192699a4f0cf5392e3f32)] -> xpath: //button[@type='submit']]
2023-05-23 22:05:970 INFO  HomePage :29 - Click on overnight duffle : [[ChromeDriver: chrome on WINDOWS (49305c45040192699a4f0cf5392e3f32)] -> xpath: //span[normalize-space()='Admin']]
2023-05-23 22:05:367 INFO  ViewSystemUsersPage :52 - Click on overnight duffle : [[ChromeDriver: chrome on WINDOWS (49305c45040192699a4f0cf5392e3f32)] -> css selector: .oxd-text.oxd-text--h5]
2023-05-23 22:05:902 INFO  ViewSystemUsersPage :75 - Select status By.cssSelector: button[class='oxd-button oxd-button--medium oxd-button--secondary']
2023-05-23 22:05:118 INFO  AddUserPage :55 - Verify add user text : [[ChromeDriver: chrome on WINDOWS (49305c45040192699a4f0cf5392e3f32)] -> xpath: //h6[normalize-space()='Add User']]
2023-05-23 22:05:890 INFO  LoginPage :38 - Click on login button : [[ChromeDriver: chrome on WINDOWS (dd83184c8f64433d8acfb98ff50da40f)] -> xpath: //button[@type='submit']]
2023-05-23 22:05:177 INFO  HomePage :29 - Click on overnight duffle : [[ChromeDriver: chrome on WINDOWS (dd83184c8f64433d8acfb98ff50da40f)] -> xpath: //span[normalize-space()='Admin']]
2023-05-23 22:05:824 INFO  ViewSystemUsersPage :52 - Click on overnight duffle : [[ChromeDriver: chrome on WINDOWS (dd83184c8f64433d8acfb98ff50da40f)] -> css selector: .oxd-text.oxd-text--h5]
2023-05-23 22:05:371 INFO  ViewSystemUsersPage :57 - Send text to element [[ChromeDriver: chrome on WINDOWS (dd83184c8f64433d8acfb98ff50da40f)] -> xpath: //div[@class='oxd-input-group oxd-input-field-bottom-space']//div//input[@class='oxd-input oxd-input--active']]
2023-05-23 22:05:562 INFO  ViewSystemUsersPage :62 - Select user role [[ChromeDriver: chrome on WINDOWS (dd83184c8f64433d8acfb98ff50da40f)] -> xpath: //body[1]/div[1]/div[1]/div[2]/div[2]/div[1]/div[1]/div[2]/form[1]/div[1]/div[1]/div[2]/div[1]/div[2]/div[1]/div[1]/div[1]]
2023-05-23 22:05:683 INFO  ViewSystemUsersPage :67 - Select status [[ChromeDriver: chrome on WINDOWS (dd83184c8f64433d8acfb98ff50da40f)] -> xpath: //div[contains(text(),'-- Select --')]]
2023-05-23 22:05:791 INFO  ViewSystemUsersPage :71 - Select status [[ChromeDriver: chrome on WINDOWS (dd83184c8f64433d8acfb98ff50da40f)] -> xpath: //button[@type='submit']]
2023-05-23 22:05:839 INFO  ViewSystemUsersPage :86 - Select status [[ChromeDriver: chrome on WINDOWS (dd83184c8f64433d8acfb98ff50da40f)] -> xpath: (//div[contains(text(),'Admin')])[1]]
2023-05-23 22:05:618 INFO  LoginPage :38 - Click on login button : [[ChromeDriver: chrome on WINDOWS (92a6d0bc42ea16f669924cdd1cac7d2a)] -> xpath: //button[@type='submit']]
2023-05-23 22:05:873 INFO  HomePage :29 - Click on overnight duffle : [[ChromeDriver: chrome on WINDOWS (92a6d0bc42ea16f669924cdd1cac7d2a)] -> xpath: //span[normalize-space()='Admin']]
2023-05-23 22:05:472 INFO  ViewSystemUsersPage :52 - Click on overnight duffle : [[ChromeDriver: chrome on WINDOWS (92a6d0bc42ea16f669924cdd1cac7d2a)] -> css selector: .oxd-text.oxd-text--h5]
2023-05-23 22:05:124 INFO  ViewSystemUsersPage :57 - Send text to element [[ChromeDriver: chrome on WINDOWS (92a6d0bc42ea16f669924cdd1cac7d2a)] -> xpath: //div[@class='oxd-input-group oxd-input-field-bottom-space']//div//input[@class='oxd-input oxd-input--active']]
2023-05-23 22:05:312 INFO  ViewSystemUsersPage :62 - Select user role [[ChromeDriver: chrome on WINDOWS (92a6d0bc42ea16f669924cdd1cac7d2a)] -> xpath: //body[1]/div[1]/div[1]/div[2]/div[2]/div[1]/div[1]/div[2]/form[1]/div[1]/div[1]/div[2]/div[1]/div[2]/div[1]/div[1]/div[1]]
2023-05-23 22:05:570 INFO  ViewSystemUsersPage :67 - Select status [[ChromeDriver: chrome on WINDOWS (92a6d0bc42ea16f669924cdd1cac7d2a)] -> xpath: //div[contains(text(),'-- Select --')]]
2023-05-23 22:05:744 INFO  ViewSystemUsersPage :71 - Select status [[ChromeDriver: chrome on WINDOWS (92a6d0bc42ea16f669924cdd1cac7d2a)] -> xpath: //button[@type='submit']]
2023-05-23 22:05:786 INFO  ViewSystemUsersPage :86 - Select status [[ChromeDriver: chrome on WINDOWS (92a6d0bc42ea16f669924cdd1cac7d2a)] -> xpath: (//div[contains(text(),'Admin')])[1]]
2023-05-23 22:05:48 INFO  LoginPage :38 - Click on login button : [[ChromeDriver: chrome on WINDOWS (53838ffbacb8e3aef019724f8ff4ef45)] -> xpath: //button[@type='submit']]
2023-05-23 22:05:267 INFO  HomePage :29 - Click on overnight duffle : [[ChromeDriver: chrome on WINDOWS (53838ffbacb8e3aef019724f8ff4ef45)] -> xpath: //span[normalize-space()='Admin']]
2023-05-23 22:05:33 INFO  ViewSystemUsersPage :52 - Click on overnight duffle : [[ChromeDriver: chrome on WINDOWS (53838ffbacb8e3aef019724f8ff4ef45)] -> css selector: .oxd-text.oxd-text--h5]
2023-05-23 22:05:412 INFO  ViewSystemUsersPage :57 - Send text to element [[ChromeDriver: chrome on WINDOWS (53838ffbacb8e3aef019724f8ff4ef45)] -> xpath: //div[@class='oxd-input-group oxd-input-field-bottom-space']//div//input[@class='oxd-input oxd-input--active']]
2023-05-23 22:05:568 INFO  ViewSystemUsersPage :62 - Select user role [[ChromeDriver: chrome on WINDOWS (53838ffbacb8e3aef019724f8ff4ef45)] -> xpath: //body[1]/div[1]/div[1]/div[2]/div[2]/div[1]/div[1]/div[2]/form[1]/div[1]/div[1]/div[2]/div[1]/div[2]/div[1]/div[1]/div[1]]
2023-05-23 22:05:689 INFO  ViewSystemUsersPage :67 - Select status [[ChromeDriver: chrome on WINDOWS (53838ffbacb8e3aef019724f8ff4ef45)] -> xpath: //div[contains(text(),'-- Select --')]]
2023-05-23 22:05:817 INFO  ViewSystemUsersPage :71 - Select status [[ChromeDriver: chrome on WINDOWS (53838ffbacb8e3aef019724f8ff4ef45)] -> xpath: //button[@type='submit']]
2023-05-23 22:05:898 INFO  ViewSystemUsersPage :78 - Select status Proxy element for: DefaultElementLocator 'By.xpath: //span[normalize-space()='No Records Found']'
